<?xml version="1.0" encoding="UTF-8"?>
<testng-results skipped="0" failed="1" ignored="0" total="2" passed="1">
  <reporter-output>
  </reporter-output>
  <suite name="Surefire suite" duration-ms="22710" started-at="2017-11-23T13:14:58Z" finished-at="2017-11-23T13:15:20Z">
    <groups>
    </groups>
    <test name="Surefire test" duration-ms="22710" started-at="2017-11-23T13:14:58Z" finished-at="2017-11-23T13:15:20Z">
      <class name="com.tavant.nfr.meagan.selenium.tests.ZapTestIT">
        <test-method status="PASS" signature="instantiateDriverObject()[pri:0, instance:com.tavant.nfr.meagan.selenium.tests.ZapTestIT@29774679]" name="instantiateDriverObject" is-config="true" duration-ms="7" started-at="2017-11-23T18:44:58Z" finished-at="2017-11-23T18:44:58Z">
          <reporter-output>
          </reporter-output>
        </test-method> <!-- instantiateDriverObject -->
        <test-method status="PASS" signature="setup()[pri:0, instance:com.tavant.nfr.meagan.selenium.tests.ZapTestIT@29774679]" name="setup" is-config="true" duration-ms="2419" started-at="2017-11-23T18:44:58Z" finished-at="2017-11-23T18:45:00Z">
          <reporter-output>
          </reporter-output>
        </test-method> <!-- setup -->
        <test-method status="PASS" signature="launchBrowser()[pri:0, instance:com.tavant.nfr.meagan.selenium.tests.ZapTestIT@29774679]" name="launchBrowser" duration-ms="9109" started-at="2017-11-23T18:45:00Z" finished-at="2017-11-23T18:45:09Z">
          <reporter-output>
          </reporter-output>
        </test-method> <!-- launchBrowser -->
        <test-method status="PASS" signature="clearCookies()[pri:0, instance:com.tavant.nfr.meagan.selenium.tests.ZapTestIT@29774679]" name="clearCookies" is-config="true" duration-ms="4" started-at="2017-11-23T18:45:09Z" finished-at="2017-11-23T18:45:09Z">
          <reporter-output>
          </reporter-output>
        </test-method> <!-- clearCookies -->
        <test-method status="FAIL" signature="login()[pri:0, instance:com.tavant.nfr.meagan.selenium.tests.ZapTestIT@29774679]" name="login" duration-ms="10861" started-at="2017-11-23T18:45:09Z" finished-at="2017-11-23T18:45:20Z">
          <exception class="java.lang.AssertionError">
            <message>
              <![CDATA[The login page did not load properly]]>
            </message>
            <full-stacktrace>
              <![CDATA[java.lang.AssertionError: The login page did not load properly
	at org.testng.Assert.fail(Assert.java:93)
	at com.tavant.nfr.meagan.selenium.tests.ZapTestIT.login(ZapTestIT.java:98)
	at sun.reflect.NativeMethodAccessorImpl.invoke0(Native Method)
	at sun.reflect.NativeMethodAccessorImpl.invoke(NativeMethodAccessorImpl.java:62)
	at sun.reflect.DelegatingMethodAccessorImpl.invoke(DelegatingMethodAccessorImpl.java:43)
	at java.lang.reflect.Method.invoke(Method.java:498)
	at org.testng.internal.MethodInvocationHelper.invokeMethod(MethodInvocationHelper.java:108)
	at org.testng.internal.Invoker.invokeMethod(Invoker.java:661)
	at org.testng.internal.Invoker.invokeTestMethod(Invoker.java:869)
	at org.testng.internal.Invoker.invokeTestMethods(Invoker.java:1193)
	at org.testng.internal.TestMethodWorker.invokeTestMethods(TestMethodWorker.java:126)
	at org.testng.internal.TestMethodWorker.run(TestMethodWorker.java:109)
	at java.util.concurrent.ThreadPoolExecutor.runWorker(ThreadPoolExecutor.java:1142)
	at java.util.concurrent.ThreadPoolExecutor$Worker.run(ThreadPoolExecutor.java:617)
	at java.lang.Thread.run(Thread.java:745)
]]>
            </full-stacktrace>
          </exception> <!-- java.lang.AssertionError -->
          <reporter-output>
          </reporter-output>
        </test-method> <!-- login -->
        <test-method status="PASS" signature="clearCookies()[pri:0, instance:com.tavant.nfr.meagan.selenium.tests.ZapTestIT@29774679]" name="clearCookies" is-config="true" duration-ms="4" started-at="2017-11-23T18:45:20Z" finished-at="2017-11-23T18:45:20Z">
          <reporter-output>
          </reporter-output>
        </test-method> <!-- clearCookies -->
        <test-method status="PASS" signature="closeDriverObjects()[pri:0, instance:com.tavant.nfr.meagan.selenium.tests.ZapTestIT@29774679]" name="closeDriverObjects" is-config="true" duration-ms="822" started-at="2017-11-23T18:45:20Z" finished-at="2017-11-23T18:45:21Z">
          <reporter-output>
          </reporter-output>
        </test-method> <!-- closeDriverObjects -->
      </class> <!-- com.tavant.nfr.meagan.selenium.tests.ZapTestIT -->
    </test> <!-- Surefire test -->
  </suite> <!-- Surefire suite -->
</testng-results>
